0 info it worked if it ends with ok
1 verbose cli [ '/Users/alexabonomo/.nvm/versions/node/v6.10.2/bin/node',
1 verbose cli   '/Users/alexabonomo/.nvm/versions/node/v6.10.2/bin/npm',
1 verbose cli   'install',
1 verbose cli   'bufferutil@^4.0.1' ]
2 info using npm@3.10.10
3 info using node@v6.10.2
4 silly loadCurrentTree Starting
5 silly install loadCurrentTree
6 silly install readLocalPackageData
7 silly fetchPackageMetaData bufferutil@^4.0.1
8 silly fetchNamedPackageData bufferutil
9 silly mapToRegistry name bufferutil
10 silly mapToRegistry using default registry
11 silly mapToRegistry registry https://registry.npmjs.org/
12 silly mapToRegistry data Result {
12 silly mapToRegistry   raw: 'bufferutil',
12 silly mapToRegistry   scope: null,
12 silly mapToRegistry   escapedName: 'bufferutil',
12 silly mapToRegistry   name: 'bufferutil',
12 silly mapToRegistry   rawSpec: '',
12 silly mapToRegistry   spec: 'latest',
12 silly mapToRegistry   type: 'tag' }
13 silly mapToRegistry uri https://registry.npmjs.org/bufferutil
14 verbose request uri https://registry.npmjs.org/bufferutil
15 verbose request no auth needed
16 info attempt registry request try #1 at 11:26:34 AM
17 verbose request id ddaf74e9bf38dead
18 verbose etag W/"1feafd56eec4134511070b1a80cdcdd8"
19 verbose lastModified Tue, 12 Apr 2022 04:39:30 GMT
20 http request GET https://registry.npmjs.org/bufferutil
21 http 304 https://registry.npmjs.org/bufferutil
22 verbose headers { date: 'Sun, 08 May 2022 18:26:35 GMT',
22 verbose headers   connection: 'keep-alive',
22 verbose headers   'cf-ray': '70843e97a92a5ffb-SMF',
22 verbose headers   'cache-control': 'public, max-age=300',
22 verbose headers   etag: '"1feafd56eec4134511070b1a80cdcdd8"',
22 verbose headers   'last-modified': 'Tue, 12 Apr 2022 04:39:30 GMT',
22 verbose headers   vary: 'Accept-Encoding',
22 verbose headers   'cf-cache-status': 'MISS',
22 verbose headers   'expect-ct': 'max-age=604800, report-uri="https://report-uri.cloudflare.com/cdn-cgi/beacon/expect-ct"',
22 verbose headers   'x-amz-replication-status': 'COMPLETED',
22 verbose headers   server: 'cloudflare' }
23 silly get cb [ 304,
23 silly get   { date: 'Sun, 08 May 2022 18:26:35 GMT',
23 silly get     connection: 'keep-alive',
23 silly get     'cf-ray': '70843e97a92a5ffb-SMF',
23 silly get     'cache-control': 'public, max-age=300',
23 silly get     etag: '"1feafd56eec4134511070b1a80cdcdd8"',
23 silly get     'last-modified': 'Tue, 12 Apr 2022 04:39:30 GMT',
23 silly get     vary: 'Accept-Encoding',
23 silly get     'cf-cache-status': 'MISS',
23 silly get     'expect-ct': 'max-age=604800, report-uri="https://report-uri.cloudflare.com/cdn-cgi/beacon/expect-ct"',
23 silly get     'x-amz-replication-status': 'COMPLETED',
23 silly get     server: 'cloudflare' } ]
24 verbose etag https://registry.npmjs.org/bufferutil from cache
25 verbose get saving bufferutil to /Users/alexabonomo/.npm/registry.npmjs.org/bufferutil/.cache.json
26 verbose correctMkdir /Users/alexabonomo/.npm correctMkdir not in flight; initializing
27 silly install normalizeTree
28 silly loadCurrentTree Finishing
29 silly loadIdealTree Starting
30 silly install loadIdealTree
31 silly cloneCurrentTree Starting
32 silly install cloneCurrentTreeToIdealTree
33 silly cloneCurrentTree Finishing
34 silly loadShrinkwrap Starting
35 silly install loadShrinkwrap
36 silly loadShrinkwrap Finishing
37 silly loadAllDepsIntoIdealTree Starting
38 silly install loadAllDepsIntoIdealTree
39 silly resolveWithNewModule bufferutil@4.0.6 checking installable status
40 silly cache add args [ 'bufferutil@^4.0.1', null ]
41 verbose cache add spec bufferutil@^4.0.1
42 silly cache add parsed spec Result {
42 silly cache add   raw: 'bufferutil@^4.0.1',
42 silly cache add   scope: null,
42 silly cache add   escapedName: 'bufferutil',
42 silly cache add   name: 'bufferutil',
42 silly cache add   rawSpec: '^4.0.1',
42 silly cache add   spec: '>=4.0.1 <5.0.0',
42 silly cache add   type: 'range' }
43 silly addNamed bufferutil@>=4.0.1 <5.0.0
44 verbose addNamed ">=4.0.1 <5.0.0" is a valid semver range for bufferutil
45 silly addNameRange { name: 'bufferutil', range: '>=4.0.1 <5.0.0', hasData: false }
46 silly mapToRegistry name bufferutil
47 silly mapToRegistry using default registry
48 silly mapToRegistry registry https://registry.npmjs.org/
49 silly mapToRegistry data Result {
49 silly mapToRegistry   raw: 'bufferutil',
49 silly mapToRegistry   scope: null,
49 silly mapToRegistry   escapedName: 'bufferutil',
49 silly mapToRegistry   name: 'bufferutil',
49 silly mapToRegistry   rawSpec: '',
49 silly mapToRegistry   spec: 'latest',
49 silly mapToRegistry   type: 'tag' }
50 silly mapToRegistry uri https://registry.npmjs.org/bufferutil
51 verbose addNameRange registry:https://registry.npmjs.org/bufferutil not in flight; fetching
52 verbose get https://registry.npmjs.org/bufferutil not expired, no request
53 silly addNameRange number 2 { name: 'bufferutil', range: '>=4.0.1 <5.0.0', hasData: true }
54 silly addNameRange versions [ 'bufferutil',
54 silly addNameRange   [ '1.0.0',
54 silly addNameRange     '1.0.1',
54 silly addNameRange     '1.1.0',
54 silly addNameRange     '1.2.0',
54 silly addNameRange     '1.2.1',
54 silly addNameRange     '1.3.0',
54 silly addNameRange     '2.0.0',
54 silly addNameRange     '2.0.1',
54 silly addNameRange     '3.0.0',
54 silly addNameRange     '3.0.1',
54 silly addNameRange     '3.0.2',
54 silly addNameRange     '3.0.3',
54 silly addNameRange     '3.0.3-napi',
54 silly addNameRange     '3.0.4',
54 silly addNameRange     '3.0.5',
54 silly addNameRange     '4.0.0',
54 silly addNameRange     '4.0.1',
54 silly addNameRange     '4.0.2',
54 silly addNameRange     '4.0.3',
54 silly addNameRange     '4.0.4',
54 silly addNameRange     '4.0.5',
54 silly addNameRange     '4.0.6' ] ]
55 silly addNamed bufferutil@4.0.6
56 verbose addNamed "4.0.6" is a plain semver version for bufferutil
57 silly cache afterAdd bufferutil@4.0.6
58 verbose afterAdd /Users/alexabonomo/.npm/bufferutil/4.0.6/package/package.json not in flight; writing
59 verbose correctMkdir /Users/alexabonomo/.npm correctMkdir not in flight; initializing
60 verbose afterAdd /Users/alexabonomo/.npm/bufferutil/4.0.6/package/package.json written
61 silly fetchNamedPackageData node-gyp-build
62 silly mapToRegistry name node-gyp-build
63 silly mapToRegistry using default registry
64 silly mapToRegistry registry https://registry.npmjs.org/
65 silly mapToRegistry data Result {
65 silly mapToRegistry   raw: 'node-gyp-build',
65 silly mapToRegistry   scope: null,
65 silly mapToRegistry   escapedName: 'node-gyp-build',
65 silly mapToRegistry   name: 'node-gyp-build',
65 silly mapToRegistry   rawSpec: '',
65 silly mapToRegistry   spec: 'latest',
65 silly mapToRegistry   type: 'tag' }
66 silly mapToRegistry uri https://registry.npmjs.org/node-gyp-build
67 verbose request uri https://registry.npmjs.org/node-gyp-build
68 verbose request no auth needed
69 info attempt registry request try #1 at 11:26:35 AM
70 verbose etag W/"9b8a7b43bc9a07f001eaf32102565b0d"
71 verbose lastModified Fri, 01 Apr 2022 08:37:40 GMT
72 http request GET https://registry.npmjs.org/node-gyp-build
73 http 304 https://registry.npmjs.org/node-gyp-build
74 verbose headers { date: 'Sun, 08 May 2022 18:26:35 GMT',
74 verbose headers   connection: 'keep-alive',
74 verbose headers   'cf-ray': '70843e9b481e5ffb-SMF',
74 verbose headers   'cache-control': 'public, max-age=300',
74 verbose headers   etag: '"9b8a7b43bc9a07f001eaf32102565b0d"',
74 verbose headers   'last-modified': 'Fri, 01 Apr 2022 08:37:40 GMT',
74 verbose headers   vary: 'Accept-Encoding',
74 verbose headers   'cf-cache-status': 'MISS',
74 verbose headers   'expect-ct': 'max-age=604800, report-uri="https://report-uri.cloudflare.com/cdn-cgi/beacon/expect-ct"',
74 verbose headers   'x-amz-replication-status': 'COMPLETED',
74 verbose headers   server: 'cloudflare' }
75 silly get cb [ 304,
75 silly get   { date: 'Sun, 08 May 2022 18:26:35 GMT',
75 silly get     connection: 'keep-alive',
75 silly get     'cf-ray': '70843e9b481e5ffb-SMF',
75 silly get     'cache-control': 'public, max-age=300',
75 silly get     etag: '"9b8a7b43bc9a07f001eaf32102565b0d"',
75 silly get     'last-modified': 'Fri, 01 Apr 2022 08:37:40 GMT',
75 silly get     vary: 'Accept-Encoding',
75 silly get     'cf-cache-status': 'MISS',
75 silly get     'expect-ct': 'max-age=604800, report-uri="https://report-uri.cloudflare.com/cdn-cgi/beacon/expect-ct"',
75 silly get     'x-amz-replication-status': 'COMPLETED',
75 silly get     server: 'cloudflare' } ]
76 verbose etag https://registry.npmjs.org/node-gyp-build from cache
77 verbose get saving node-gyp-build to /Users/alexabonomo/.npm/registry.npmjs.org/node-gyp-build/.cache.json
78 verbose correctMkdir /Users/alexabonomo/.npm correctMkdir not in flight; initializing
79 silly resolveWithNewModule node-gyp-build@4.4.0 checking installable status
80 silly cache add args [ 'node-gyp-build@^4.3.0', null ]
81 verbose cache add spec node-gyp-build@^4.3.0
82 silly cache add parsed spec Result {
82 silly cache add   raw: 'node-gyp-build@^4.3.0',
82 silly cache add   scope: null,
82 silly cache add   escapedName: 'node-gyp-build',
82 silly cache add   name: 'node-gyp-build',
82 silly cache add   rawSpec: '^4.3.0',
82 silly cache add   spec: '>=4.3.0 <5.0.0',
82 silly cache add   type: 'range' }
83 silly addNamed node-gyp-build@>=4.3.0 <5.0.0
84 verbose addNamed ">=4.3.0 <5.0.0" is a valid semver range for node-gyp-build
85 silly addNameRange { name: 'node-gyp-build',
85 silly addNameRange   range: '>=4.3.0 <5.0.0',
85 silly addNameRange   hasData: false }
86 silly mapToRegistry name node-gyp-build
87 silly mapToRegistry using default registry
88 silly mapToRegistry registry https://registry.npmjs.org/
89 silly mapToRegistry data Result {
89 silly mapToRegistry   raw: 'node-gyp-build',
89 silly mapToRegistry   scope: null,
89 silly mapToRegistry   escapedName: 'node-gyp-build',
89 silly mapToRegistry   name: 'node-gyp-build',
89 silly mapToRegistry   rawSpec: '',
89 silly mapToRegistry   spec: 'latest',
89 silly mapToRegistry   type: 'tag' }
90 silly mapToRegistry uri https://registry.npmjs.org/node-gyp-build
91 verbose addNameRange registry:https://registry.npmjs.org/node-gyp-build not in flight; fetching
92 verbose get https://registry.npmjs.org/node-gyp-build not expired, no request
93 silly addNameRange number 2 { name: 'node-gyp-build',
93 silly addNameRange   range: '>=4.3.0 <5.0.0',
93 silly addNameRange   hasData: true }
94 silly addNameRange versions [ 'node-gyp-build',
94 silly addNameRange   [ '1.0.0',
94 silly addNameRange     '1.0.1',
94 silly addNameRange     '1.1.0',
94 silly addNameRange     '1.1.1',
94 silly addNameRange     '2.0.0',
94 silly addNameRange     '2.0.1',
94 silly addNameRange     '2.0.2',
94 silly addNameRange     '3.0.0',
94 silly addNameRange     '3.0.1',
94 silly addNameRange     '3.1.0',
94 silly addNameRange     '3.2.0',
94 silly addNameRange     '3.2.1',
94 silly addNameRange     '3.2.2',
94 silly addNameRange     '3.3.0',
94 silly addNameRange     '3.4.0',
94 silly addNameRange     '3.5.0',
94 silly addNameRange     '3.5.1',
94 silly addNameRange     '3.6.0',
94 silly addNameRange     '3.7.0',
94 silly addNameRange     '3.8.0',
94 silly addNameRange     '4.0.0',
94 silly addNameRange     '3.9.0',
94 silly addNameRange     '4.1.0',
94 silly addNameRange     '4.1.1',
94 silly addNameRange     '4.2.0',
94 silly addNameRange     '4.2.1',
94 silly addNameRange     '4.2.2',
94 silly addNameRange     '4.2.3',
94 silly addNameRange     '4.3.0',
94 silly addNameRange     '4.4.0' ] ]
95 silly addNamed node-gyp-build@4.4.0
96 verbose addNamed "4.4.0" is a plain semver version for node-gyp-build
97 silly cache afterAdd node-gyp-build@4.4.0
98 verbose afterAdd /Users/alexabonomo/.npm/node-gyp-build/4.4.0/package/package.json not in flight; writing
99 verbose correctMkdir /Users/alexabonomo/.npm correctMkdir not in flight; initializing
100 verbose afterAdd /Users/alexabonomo/.npm/node-gyp-build/4.4.0/package/package.json written
101 silly loadAllDepsIntoIdealTree Finishing
102 silly loadIdealTree Finishing
103 silly currentTree @donmccurdy/aframe-shader-demo-1@0.0.1
103 silly currentTree ├── @choojs/findup@0.2.1
103 silly currentTree ├── accepts@1.3.8
103 silly currentTree ├── acorn-node@1.8.2
103 silly currentTree ├── acorn-walk@7.2.0
103 silly currentTree ├── acorn@7.4.1
103 silly currentTree ├── after@0.8.2
103 silly currentTree ├── align-text@0.1.4
103 silly currentTree ├── anymatch@2.0.0
103 silly currentTree ├── arr-diff@4.0.0
103 silly currentTree ├── arr-flatten@1.1.0
103 silly currentTree ├── arr-union@3.1.0
103 silly currentTree ├── array-flatten@1.1.1
103 silly currentTree ├── array-unique@0.3.2
103 silly currentTree ├── arraybuffer.slice@0.0.7
103 silly currentTree ├── asap@2.0.6
103 silly currentTree ├─┬ asn1.js@5.4.1
103 silly currentTree │ └── bn.js@4.12.0
103 silly currentTree ├─┬ assert@1.5.0
103 silly currentTree │ ├── inherits@2.0.1
103 silly currentTree │ └── util@0.10.3
103 silly currentTree ├── assign-symbols@1.0.0
103 silly currentTree ├── async-each@1.0.3
103 silly currentTree ├── atob@2.1.2
103 silly currentTree ├── backo2@1.0.2
103 silly currentTree ├── balanced-match@1.0.2
103 silly currentTree ├─┬ base@0.11.2
103 silly currentTree │ ├── define-property@1.0.0
103 silly currentTree │ ├── is-accessor-descriptor@1.0.0
103 silly currentTree │ ├── is-data-descriptor@1.0.0
103 silly currentTree │ ├── is-descriptor@1.0.2
103 silly currentTree │ └── kind-of@6.0.3
103 silly currentTree ├── base64-arraybuffer@0.1.4
103 silly currentTree ├── base64-js@1.5.1
103 silly currentTree ├── base64id@2.0.0
103 silly currentTree ├── binary-extensions@1.13.1
103 silly currentTree ├── bindings@1.5.0
103 silly currentTree ├── bl@1.2.3
103 silly currentTree ├── blob@0.0.5
103 silly currentTree ├── bn.js@5.2.0
103 silly currentTree ├── body-parser@1.20.0
103 silly currentTree ├── brace-expansion@1.1.11
103 silly currentTree ├─┬ braces@2.3.2
103 silly currentTree │ └── extend-shallow@2.0.1
103 silly currentTree ├── brorand@1.1.0
103 silly currentTree ├── browser-pack@6.1.0
103 silly currentTree ├─┬ browser-resolve@1.11.3
103 silly currentTree │ └── resolve@1.1.7
103 silly currentTree ├── browserify-aes@1.2.0
103 silly currentTree ├── browserify-cipher@1.0.1
103 silly currentTree ├── browserify-des@1.0.2
103 silly currentTree ├── browserify-middleware@7.1.0
103 silly currentTree ├── browserify-rsa@4.1.0
103 silly currentTree ├─┬ browserify-sign@4.2.1
103 silly currentTree │ ├── readable-stream@3.6.0
103 silly currentTree │ └── string_decoder@1.3.0
103 silly currentTree ├── browserify-zlib@0.1.4
103 silly currentTree ├── browserify@13.3.0
103 silly currentTree ├── buffer-from@1.1.2
103 silly currentTree ├── buffer-xor@1.0.3
103 silly currentTree ├── buffer@4.9.2
103 silly currentTree ├── builtin-status-codes@3.0.0
103 silly currentTree ├── bytes@3.1.2
103 silly currentTree ├── cache-base@1.0.1
103 silly currentTree ├── cached-path-relative@1.1.0
103 silly currentTree ├── call-bind@1.0.2
103 silly currentTree ├── camelcase@1.2.1
103 silly currentTree ├── center-align@0.1.3
103 silly currentTree ├─┬ chokidar@2.1.8
103 silly currentTree │ └── normalize-path@3.0.0
103 silly currentTree ├── cipher-base@1.0.4
103 silly currentTree ├─┬ class-utils@0.3.6
103 silly currentTree │ └── define-property@0.2.5
103 silly currentTree ├── cliui@2.1.0
103 silly currentTree ├── collection-visit@1.0.0
103 silly currentTree ├── combine-source-map@0.8.0
103 silly currentTree ├── commander@2.20.3
103 silly currentTree ├── component-bind@1.0.0
103 silly currentTree ├── component-emitter@1.3.0
103 silly currentTree ├── component-inherit@0.0.3
103 silly currentTree ├── concat-map@0.0.1
103 silly currentTree ├─┬ concat-stream@1.5.2
103 silly currentTree │ ├── process-nextick-args@1.0.7
103 silly currentTree │ └── readable-stream@2.0.6
103 silly currentTree ├── console-browserify@1.2.0
103 silly currentTree ├── constants-browserify@1.0.0
103 silly currentTree ├── content-disposition@0.5.4
103 silly currentTree ├── content-type@1.0.4
103 silly currentTree ├── convert-source-map@1.1.3
103 silly currentTree ├── cookie-signature@1.0.6
103 silly currentTree ├── cookie@0.5.0
103 silly currentTree ├── copy-descriptor@0.1.1
103 silly currentTree ├── core-util-is@1.0.3
103 silly currentTree ├─┬ create-ecdh@4.0.4
103 silly currentTree │ └── bn.js@4.12.0
103 silly currentTree ├── create-hash@1.2.0
103 silly currentTree ├── create-hmac@1.1.7
103 silly currentTree ├── crypto-browserify@3.12.0
103 silly currentTree ├── dash-ast@1.0.0
103 silly currentTree ├─┬ debug@2.6.9
103 silly currentTree │ └── ms@2.0.0
103 silly currentTree ├── decamelize@1.2.0
103 silly currentTree ├── decode-uri-component@0.2.0
103 silly currentTree ├── deep-equal@1.1.1
103 silly currentTree ├── deep-is@0.1.4
103 silly currentTree ├── define-properties@1.1.4
103 silly currentTree ├─┬ define-property@2.0.2
103 silly currentTree │ ├── is-accessor-descriptor@1.0.0
103 silly currentTree │ ├── is-data-descriptor@1.0.0
103 silly currentTree │ ├── is-descriptor@1.0.2
103 silly currentTree │ └── kind-of@6.0.3
103 silly currentTree ├── defined@1.0.0
103 silly currentTree ├── depd@2.0.0
103 silly currentTree ├── deps-sort@2.0.1
103 silly currentTree ├── des.js@1.0.1
103 silly currentTree ├── destroy@1.2.0
103 silly currentTree ├─┬ detective@4.7.1
103 silly currentTree │ └── acorn@5.7.4
103 silly currentTree ├─┬ diffie-hellman@5.0.3
103 silly currentTree │ └── bn.js@4.12.0
103 silly currentTree ├── domain-browser@1.1.7
103 silly currentTree ├── dotignore@0.1.2
103 silly currentTree ├── duplexer2@0.1.4
103 silly currentTree ├── duplexify@3.7.1
103 silly currentTree ├── ee-first@1.1.1
103 silly currentTree ├─┬ elliptic@6.5.4
103 silly currentTree │ └── bn.js@4.12.0
103 silly currentTree ├── encodeurl@1.0.2
103 silly currentTree ├── end-of-stream@1.4.4
103 silly currentTree ├─┬ engine.io-client@3.5.2
103 silly currentTree │ ├── debug@3.1.0
103 silly currentTree │ └── ms@2.0.0
103 silly currentTree ├── engine.io-parser@2.2.1
103 silly currentTree ├─┬ engine.io@3.5.0
103 silly currentTree │ ├── cookie@0.4.2
103 silly currentTree │ ├── debug@4.1.1
103 silly currentTree │ └── ms@2.1.3
103 silly currentTree ├── es-abstract@1.20.0
103 silly currentTree ├── es-to-primitive@1.2.1
103 silly currentTree ├── escape-html@1.0.3
103 silly currentTree ├─┬ escodegen@1.14.3
103 silly currentTree │ └── source-map@0.6.1
103 silly currentTree ├── esprima@4.0.1
103 silly currentTree ├── estraverse@4.3.0
103 silly currentTree ├── esutils@2.0.3
103 silly currentTree ├── etag@1.8.1
103 silly currentTree ├── events@1.1.1
103 silly currentTree ├── evp_bytestokey@1.0.3
103 silly currentTree ├─┬ expand-brackets@2.1.4
103 silly currentTree │ ├── define-property@0.2.5
103 silly currentTree │ └── extend-shallow@2.0.1
103 silly currentTree ├── express@4.18.1
103 silly currentTree ├─┬ extend-shallow@3.0.2
103 silly currentTree │ └── is-extendable@1.0.1
103 silly currentTree ├─┬ extglob@2.0.4
103 silly currentTree │ ├── define-property@1.0.0
103 silly currentTree │ ├── extend-shallow@2.0.1
103 silly currentTree │ ├── is-accessor-descriptor@1.0.0
103 silly currentTree │ ├── is-data-descriptor@1.0.0
103 silly currentTree │ ├── is-descriptor@1.0.2
103 silly currentTree │ └── kind-of@6.0.3
103 silly currentTree ├─┬ falafel@2.2.4
103 silly currentTree │ └── isarray@2.0.5
103 silly currentTree ├── fast-levenshtein@2.0.6
103 silly currentTree ├── fast-safe-stringify@2.1.1
103 silly currentTree ├── file-uri-to-path@1.0.0
103 silly currentTree ├─┬ fill-range@4.0.0
103 silly currentTree │ └── extend-shallow@2.0.1
103 silly currentTree ├── finalhandler@1.2.0
103 silly currentTree ├── for-each@0.3.3
103 silly currentTree ├── for-in@1.0.2
103 silly currentTree ├── foreach@2.0.5
103 silly currentTree ├── forwarded@0.2.0
103 silly currentTree ├── fragment-cache@0.2.1
103 silly currentTree ├── fresh@0.5.2
103 silly currentTree ├── from2@2.3.0
103 silly currentTree ├── fs.realpath@1.0.0
103 silly currentTree ├── fsevents@1.2.13
103 silly currentTree ├── function-bind@1.1.1
103 silly currentTree ├── function.prototype.name@1.1.5
103 silly currentTree ├── functions-have-names@1.2.3
103 silly currentTree ├── get-assigned-identifiers@1.2.0
103 silly currentTree ├── get-intrinsic@1.1.1
103 silly currentTree ├── get-symbol-description@1.0.0
103 silly currentTree ├── get-value@2.0.6
103 silly currentTree ├─┬ glob-parent@3.1.0
103 silly currentTree │ └── is-glob@3.1.0
103 silly currentTree ├── glob@7.2.0
103 silly currentTree ├── glsl-inject-defines@1.0.3
103 silly currentTree ├── glsl-noise@0.0.0
103 silly currentTree ├─┬ glsl-resolve@0.0.1
103 silly currentTree │ ├── resolve@0.6.3
103 silly currentTree │ └── xtend@2.2.0
103 silly currentTree ├── glsl-token-assignments@2.0.2
103 silly currentTree ├── glsl-token-defines@1.0.0
103 silly currentTree ├── glsl-token-depth@1.1.2
103 silly currentTree ├── glsl-token-descope@1.0.2
103 silly currentTree ├── glsl-token-inject-block@1.1.0
103 silly currentTree ├── glsl-token-properties@1.0.1
103 silly currentTree ├── glsl-token-scope@1.1.2
103 silly currentTree ├── glsl-token-string@1.0.1
103 silly currentTree ├── glsl-token-whitespace-trim@1.0.0
103 silly currentTree ├─┬ glsl-tokenizer@2.1.5
103 silly currentTree │ ├── isarray@0.0.1
103 silly currentTree │ ├── readable-stream@1.0.34
103 silly currentTree │ └── through2@0.6.5
103 silly currentTree ├── glslify-bundle@5.1.1
103 silly currentTree ├─┬ glslify-deps@1.3.2
103 silly currentTree │ └── events@3.3.0
103 silly currentTree ├── glslify@6.4.1
103 silly currentTree ├── graceful-fs@4.2.10
103 silly currentTree ├── has-bigints@1.0.2
103 silly currentTree ├─┬ has-binary2@1.0.3
103 silly currentTree │ └── isarray@2.0.1
103 silly currentTree ├── has-cors@1.1.0
103 silly currentTree ├── has-property-descriptors@1.0.0
103 silly currentTree ├── has-symbols@1.0.3
103 silly currentTree ├── has-tostringtag@1.0.0
103 silly currentTree ├── has-value@1.0.0
103 silly currentTree ├─┬ has-values@1.0.0
103 silly currentTree │ └── kind-of@4.0.0
103 silly currentTree ├── has@1.0.3
103 silly currentTree ├─┬ hash-base@3.1.0
103 silly currentTree │ ├── readable-stream@3.6.0
103 silly currentTree │ └── string_decoder@1.3.0
103 silly currentTree ├── hash.js@1.1.7
103 silly currentTree ├── hmac-drbg@1.0.1
103 silly currentTree ├── htmlescape@1.1.1
103 silly currentTree ├── http-errors@2.0.0
103 silly currentTree ├── https-browserify@0.0.1
103 silly currentTree ├── iconv-lite@0.4.24
103 silly currentTree ├── ieee754@1.2.1
103 silly currentTree ├── immediate@3.0.6
103 silly currentTree ├── indexof@0.0.1
103 silly currentTree ├── inflight@1.0.6
103 silly currentTree ├── inherits@2.0.4
103 silly currentTree ├── inline-source-map@0.6.2
103 silly currentTree ├─┬ insert-module-globals@7.2.1
103 silly currentTree │ └── concat-stream@1.6.2
103 silly currentTree ├── internal-slot@1.0.3
103 silly currentTree ├── ipaddr.js@1.9.1
103 silly currentTree ├── is-accessor-descriptor@0.1.6
103 silly currentTree ├── is-arguments@1.1.1
103 silly currentTree ├── is-bigint@1.0.4
103 silly currentTree ├── is-binary-path@1.0.1
103 silly currentTree ├── is-boolean-object@1.1.2
103 silly currentTree ├── is-buffer@1.1.6
103 silly currentTree ├── is-callable@1.2.4
103 silly currentTree ├── is-core-module@2.9.0
103 silly currentTree ├── is-data-descriptor@0.1.4
103 silly currentTree ├── is-date-object@1.0.5
103 silly currentTree ├─┬ is-descriptor@0.1.6
103 silly currentTree │ └── kind-of@5.1.0
103 silly currentTree ├── is-extendable@0.1.1
103 silly currentTree ├── is-extglob@2.1.1
103 silly currentTree ├── is-glob@4.0.3
103 silly currentTree ├── is-negative-zero@2.0.2
103 silly currentTree ├── is-number-object@1.0.7
103 silly currentTree ├── is-number@3.0.0
103 silly currentTree ├── is-plain-object@2.0.4
103 silly currentTree ├── is-regex@1.1.4
103 silly currentTree ├── is-shared-array-buffer@1.0.2
103 silly currentTree ├── is-string@1.0.7
103 silly currentTree ├── is-symbol@1.0.4
103 silly currentTree ├── is-weakref@1.0.2
103 silly currentTree ├── is-windows@1.0.2
103 silly currentTree ├── isarray@1.0.0
103 silly currentTree ├── isobject@3.0.1
103 silly currentTree ├── json-stable-stringify@0.0.1
103 silly currentTree ├── jsonify@0.0.0
103 silly currentTree ├── jsonparse@1.3.1
103 silly currentTree ├── JSONStream@1.3.5
103 silly currentTree ├── kind-of@3.2.2
103 silly currentTree ├── labeled-stream-splicer@2.0.2
103 silly currentTree ├── lazy-cache@1.0.4
103 silly currentTree ├── levn@0.3.0
103 silly currentTree ├── lie@3.3.0
103 silly currentTree ├── lodash.memoize@3.0.4
103 silly currentTree ├── longest@1.0.1
103 silly currentTree ├── map-cache@0.2.2
103 silly currentTree ├─┬ map-limit@0.0.1
103 silly currentTree │ └── once@1.3.3
103 silly currentTree ├── map-visit@1.0.0
103 silly currentTree ├── md5.js@1.3.5
103 silly currentTree ├── media-typer@0.3.0
103 silly currentTree ├── merge-descriptors@1.0.1
103 silly currentTree ├── methods@1.1.2
103 silly currentTree ├─┬ micromatch@3.1.10
103 silly currentTree │ └── kind-of@6.0.3
103 silly currentTree ├─┬ miller-rabin@4.0.1
103 silly currentTree │ └── bn.js@4.12.0
103 silly currentTree ├── mime-db@1.52.0
103 silly currentTree ├── mime-types@2.1.35
103 silly currentTree ├── mime@1.6.0
103 silly currentTree ├── minimalistic-assert@1.0.1
103 silly currentTree ├── minimalistic-crypto-utils@1.0.1
103 silly currentTree ├── minimatch@3.1.2
103 silly currentTree ├── minimist@1.2.6
103 silly currentTree ├─┬ mixin-deep@1.3.2
103 silly currentTree │ └── is-extendable@1.0.1
103 silly currentTree ├── mkdirp-classic@0.5.3
103 silly currentTree ├── module-deps@4.1.1
103 silly currentTree ├── ms@0.7.3
103 silly currentTree ├── murmurhash-js@1.0.0
103 silly currentTree ├── nan@2.15.0
103 silly currentTree ├─┬ nanomatch@1.2.13
103 silly currentTree │ └── kind-of@6.0.3
103 silly currentTree ├── negotiator@0.6.3
103 silly currentTree ├── normalize-path@2.1.1
103 silly currentTree ├── object-assign@4.1.1
103 silly currentTree ├─┬ object-copy@0.1.0
103 silly currentTree │ └── define-property@0.2.5
103 silly currentTree ├── object-inspect@1.12.0
103 silly currentTree ├── object-is@1.1.5
103 silly currentTree ├── object-keys@1.1.1
103 silly currentTree ├── object-visit@1.0.1
103 silly currentTree ├── object.assign@4.1.2
103 silly currentTree ├── object.pick@1.3.0
103 silly currentTree ├── on-finished@2.4.1
103 silly currentTree ├── once@1.4.0
103 silly currentTree ├── optionator@0.8.3
103 silly currentTree ├── os-browserify@0.1.2
103 silly currentTree ├── outpipe@1.1.1
103 silly currentTree ├── pako@0.2.9
103 silly currentTree ├── parents@1.0.1
103 silly currentTree ├── parse-asn1@5.1.6
103 silly currentTree ├── parseqs@0.0.6
103 silly currentTree ├── parseuri@0.0.6
103 silly currentTree ├── parseurl@1.3.3
103 silly currentTree ├── pascalcase@0.1.1
103 silly currentTree ├── path-browserify@0.0.1
103 silly currentTree ├── path-dirname@1.0.2
103 silly currentTree ├── path-is-absolute@1.0.1
103 silly currentTree ├── path-parse@1.0.7
103 silly currentTree ├── path-platform@0.11.15
103 silly currentTree ├── path-to-regexp@0.1.7
103 silly currentTree ├── pbkdf2@3.1.2
103 silly currentTree ├── posix-character-classes@0.1.1
103 silly currentTree ├── prelude-ls@1.1.2
103 silly currentTree ├── prepare-response@1.1.3
103 silly currentTree ├── process-nextick-args@2.0.1
103 silly currentTree ├── process@0.11.10
103 silly currentTree ├── promise@7.3.1
103 silly currentTree ├── proxy-addr@2.0.7
103 silly currentTree ├─┬ public-encrypt@4.0.3
103 silly currentTree │ └── bn.js@4.12.0
103 silly currentTree ├── punycode@1.4.1
103 silly currentTree ├── qs@6.10.3
103 silly currentTree ├── querystring-es3@0.2.1
103 silly currentTree ├── querystring@0.2.0
103 silly currentTree ├── randombytes@2.1.0
103 silly currentTree ├── randomfill@1.0.4
103 silly currentTree ├── range-parser@1.2.1
103 silly currentTree ├── raw-body@2.5.1
103 silly currentTree ├── read-only-stream@2.0.0
103 silly currentTree ├─┬ readable-stream@2.3.7
103 silly currentTree │ ├── safe-buffer@5.1.2
103 silly currentTree │ └── string_decoder@1.1.1
103 silly currentTree ├── readdirp@2.2.1
103 silly currentTree ├── regex-not@1.0.2
103 silly currentTree ├── regexp.prototype.flags@1.4.3
103 silly currentTree ├── remove-trailing-separator@1.1.0
103 silly currentTree ├── repeat-element@1.1.4
103 silly currentTree ├── repeat-string@1.6.1
103 silly currentTree ├── resolve-url@0.2.1
103 silly currentTree ├── resolve@1.22.0
103 silly currentTree ├── resumer@0.0.0
103 silly currentTree ├── ret@0.1.15
103 silly currentTree ├── right-align@0.1.3
103 silly currentTree ├── ripemd160@2.0.2
103 silly currentTree ├── safe-buffer@5.2.1
103 silly currentTree ├── safe-regex@1.1.0
103 silly currentTree ├── safer-buffer@2.1.2
103 silly currentTree ├─┬ send@0.18.0
103 silly currentTree │ └── ms@2.1.3
103 silly currentTree ├─┬ serialport@4.0.7
103 silly currentTree │ ├── bindings@1.2.1
103 silly currentTree │ └─┬ node-pre-gyp@0.6.32
103 silly currentTree │   ├─┬ mkdirp@0.5.1
103 silly currentTree │   │ └── minimist@0.0.8
103 silly currentTree │   ├─┬ nopt@3.0.6
103 silly currentTree │   │ └── abbrev@1.0.9
103 silly currentTree │   ├─┬ npmlog@4.0.1
103 silly currentTree │   │ ├─┬ are-we-there-yet@1.1.2
103 silly currentTree │   │ │ ├── delegates@1.0.0
103 silly currentTree │   │ │ └─┬ readable-stream@2.2.2
103 silly currentTree │   │ │   ├── buffer-shims@1.0.0
103 silly currentTree │   │ │   ├── core-util-is@1.0.2
103 silly currentTree │   │ │   ├── inherits@2.0.3
103 silly currentTree │   │ │   ├── isarray@1.0.0
103 silly currentTree │   │ │   ├── process-nextick-args@1.0.7
103 silly currentTree │   │ │   ├── string_decoder@0.10.31
103 silly currentTree │   │ │   └── util-deprecate@1.0.2
103 silly currentTree │   │ ├── console-control-strings@1.1.0
103 silly currentTree │   │ ├─┬ gauge@2.7.2
103 silly currentTree │   │ │ ├── aproba@1.0.4
103 silly currentTree │   │ │ ├── has-unicode@2.0.1
103 silly currentTree │   │ │ ├── object-assign@4.1.0
103 silly currentTree │   │ │ ├── signal-exit@3.0.2
103 silly currentTree │   │ │ ├─┬ string-width@1.0.2
103 silly currentTree │   │ │ │ ├── code-point-at@1.1.0
103 silly currentTree │   │ │ │ └─┬ is-fullwidth-code-point@1.0.0
103 silly currentTree │   │ │ │   └── number-is-nan@1.0.1
103 silly currentTree │   │ │ ├─┬ strip-ansi@3.0.1
103 silly currentTree │   │ │ │ └── ansi-regex@2.0.0
103 silly currentTree │   │ │ ├── supports-color@0.2.0
103 silly currentTree │   │ │ └── wide-align@1.1.0
103 silly currentTree │   │ └── set-blocking@2.0.0
103 silly currentTree │   ├─┬ rc@1.1.6
103 silly currentTree │   │ ├── deep-extend@0.4.1
103 silly currentTree │   │ ├── ini@1.3.4
103 silly currentTree │   │ ├── minimist@1.2.0
103 silly currentTree │   │ └── strip-json-comments@1.0.4
103 silly currentTree │   ├─┬ request@2.79.0
103 silly currentTree │   │ ├── aws-sign2@0.6.0
103 silly currentTree │   │ ├── aws4@1.5.0
103 silly currentTree │   │ ├── caseless@0.11.0
103 silly currentTree │   │ ├─┬ combined-stream@1.0.5
103 silly currentTree │   │ │ └── delayed-stream@1.0.0
103 silly currentTree │   │ ├── extend@3.0.0
103 silly currentTree │   │ ├── forever-agent@0.6.1
103 silly currentTree │   │ ├─┬ form-data@2.1.2
103 silly currentTree │   │ │ └── asynckit@0.4.0
103 silly currentTree │   │ ├─┬ har-validator@2.0.6
103 silly currentTree │   │ │ ├─┬ chalk@1.1.3
103 silly currentTree │   │ │ │ ├── ansi-styles@2.2.1
103 silly currentTree │   │ │ │ ├── escape-string-regexp@1.0.5
103 silly currentTree │   │ │ │ ├─┬ has-ansi@2.0.0
103 silly currentTree │   │ │ │ │ └── ansi-regex@2.0.0
103 silly currentTree │   │ │ │ ├─┬ strip-ansi@3.0.1
103 silly currentTree │   │ │ │ │ └── ansi-regex@2.0.0
103 silly currentTree │   │ │ │ └── supports-color@2.0.0
103 silly currentTree │   │ │ ├─┬ is-my-json-valid@2.15.0
103 silly currentTree │   │ │ │ ├── generate-function@2.0.0
103 silly currentTree │   │ │ │ ├─┬ generate-object-property@1.2.0
103 silly currentTree │   │ │ │ │ └── is-property@1.0.2
103 silly currentTree │   │ │ │ ├── jsonpointer@4.0.0
103 silly currentTree │   │ │ │ └── xtend@4.0.1
103 silly currentTree │   │ │ └─┬ pinkie-promise@2.0.1
103 silly currentTree │   │ │   └── pinkie@2.0.4
103 silly currentTree │   │ ├─┬ hawk@3.1.3
103 silly currentTree │   │ │ ├── boom@2.10.1
103 silly currentTree │   │ │ ├── cryptiles@2.0.5
103 silly currentTree │   │ │ ├── hoek@2.16.3
103 silly currentTree │   │ │ └── sntp@1.0.9
103 silly currentTree │   │ ├─┬ http-signature@1.1.1
103 silly currentTree │   │ │ ├── assert-plus@0.2.0
103 silly currentTree │   │ │ ├─┬ jsprim@1.3.1
103 silly currentTree │   │ │ │ ├── extsprintf@1.0.2
103 silly currentTree │   │ │ │ ├── json-schema@0.2.3
103 silly currentTree │   │ │ │ └── verror@1.3.6
103 silly currentTree │   │ │ └─┬ sshpk@1.10.1
103 silly currentTree │   │ │   ├── asn1@0.2.3
103 silly currentTree │   │ │   ├── assert-plus@1.0.0
103 silly currentTree │   │ │   ├── bcrypt-pbkdf@1.0.0
103 silly currentTree │   │ │   ├── dashdash@1.14.1
103 silly currentTree │   │ │   ├── ecc-jsbn@0.1.1
103 silly currentTree │   │ │   ├── getpass@0.1.6
103 silly currentTree │   │ │   ├── jodid25519@1.0.2
103 silly currentTree │   │ │   ├── jsbn@0.1.0
103 silly currentTree │   │ │   └── tweetnacl@0.14.4
103 silly currentTree │   │ ├── is-typedarray@1.0.0
103 silly currentTree │   │ ├── isstream@0.1.2
103 silly currentTree │   │ ├── json-stringify-safe@5.0.1
103 silly currentTree │   │ ├─┬ mime-types@2.1.13
103 silly currentTree │   │ │ └── mime-db@1.25.0
103 silly currentTree │   │ ├── oauth-sign@0.8.2
103 silly currentTree │   │ ├── qs@6.3.0
103 silly currentTree │   │ ├── stringstream@0.0.5
103 silly currentTree │   │ ├─┬ tough-cookie@2.3.2
103 silly currentTree │   │ │ └── punycode@1.4.1
103 silly currentTree │   │ ├── tunnel-agent@0.4.3
103 silly currentTree │   │ └── uuid@3.0.1
103 silly currentTree │   ├─┬ rimraf@2.5.4
103 silly currentTree │   │ └─┬ glob@7.1.1
103 silly currentTree │   │   ├── fs.realpath@1.0.0
103 silly currentTree │   │   ├─┬ inflight@1.0.6
103 silly currentTree │   │   │ └── wrappy@1.0.2
103 silly currentTree │   │   ├── inherits@2.0.3
103 silly currentTree │   │   ├─┬ minimatch@3.0.3
103 silly currentTree │   │   │ └─┬ brace-expansion@1.1.6
103 silly currentTree │   │   │   ├── balanced-match@0.4.2
103 silly currentTree │   │   │   └── concat-map@0.0.1
103 silly currentTree │   │   ├─┬ once@1.4.0
103 silly currentTree │   │   │ └── wrappy@1.0.2
103 silly currentTree │   │   └── path-is-absolute@1.0.1
103 silly currentTree │   ├── semver@5.3.0
103 silly currentTree │   ├─┬ tar-pack@3.3.0
103 silly currentTree │   │ ├─┬ debug@2.2.0
103 silly currentTree │   │ │ └── ms@0.7.1
103 silly currentTree │   │ ├─┬ fstream-ignore@1.0.5
103 silly currentTree │   │ │ ├── inherits@2.0.3
103 silly currentTree │   │ │ └─┬ minimatch@3.0.3
103 silly currentTree │   │ │   └─┬ brace-expansion@1.1.6
103 silly currentTree │   │ │     ├── balanced-match@0.4.2
103 silly currentTree │   │ │     └── concat-map@0.0.1
103 silly currentTree │   │ ├─┬ fstream@1.0.10
103 silly currentTree │   │ │ ├── graceful-fs@4.1.11
103 silly currentTree │   │ │ └── inherits@2.0.3
103 silly currentTree │   │ ├─┬ once@1.3.3
103 silly currentTree │   │ │ └── wrappy@1.0.2
103 silly currentTree │   │ ├─┬ readable-stream@2.1.5
103 silly currentTree │   │ │ ├── buffer-shims@1.0.0
103 silly currentTree │   │ │ ├── core-util-is@1.0.2
103 silly currentTree │   │ │ ├── inherits@2.0.3
103 silly currentTree │   │ │ ├── isarray@1.0.0
103 silly currentTree │   │ │ ├── process-nextick-args@1.0.7
103 silly currentTree │   │ │ ├── string_decoder@0.10.31
103 silly currentTree │   │ │ └── util-deprecate@1.0.2
103 silly currentTree │   │ └── uid-number@0.0.6
103 silly currentTree │   └─┬ tar@2.2.1
103 silly currentTree │     ├── block-stream@0.0.9
103 silly currentTree │     ├─┬ fstream@1.0.10
103 silly currentTree │     │ └── graceful-fs@4.1.11
103 silly currentTree │     └── inherits@2.0.3
103 silly currentTree ├── serve-static@1.15.0
103 silly currentTree ├─┬ set-value@2.0.1
103 silly currentTree │ └── extend-shallow@2.0.1
103 silly currentTree ├── setprototypeof@1.2.0
103 silly currentTree ├── sha.js@2.4.11
103 silly currentTree ├── shallow-copy@0.0.1
103 silly currentTree ├── shasum-object@1.0.0
103 silly currentTree ├── shasum@1.0.2
103 silly currentTree ├── shell-quote@1.7.3
103 silly currentTree ├── side-channel@1.0.4
103 silly currentTree ├── simple-concat@1.0.1
103 silly currentTree ├─┬ snapdragon-node@2.1.1
103 silly currentTree │ ├── define-property@1.0.0
103 silly currentTree │ ├── is-accessor-descriptor@1.0.0
103 silly currentTree │ ├── is-data-descriptor@1.0.0
103 silly currentTree │ ├── is-descriptor@1.0.2
103 silly currentTree │ └── kind-of@6.0.3
103 silly currentTree ├── snapdragon-util@3.0.1
103 silly currentTree ├─┬ snapdragon@0.8.2
103 silly currentTree │ ├── define-property@0.2.5
103 silly currentTree │ └── extend-shallow@2.0.1
103 silly currentTree ├── socket.io-adapter@1.1.2
103 silly currentTree ├─┬ socket.io-client@2.4.0
103 silly currentTree │ ├── debug@3.1.0
103 silly currentTree │ ├── isarray@2.0.1
103 silly currentTree │ ├── ms@2.0.0
103 silly currentTree │ └── socket.io-parser@3.3.2
103 silly currentTree ├─┬ socket.io-parser@3.4.1
103 silly currentTree │ ├── component-emitter@1.2.1
103 silly currentTree │ ├── debug@4.1.1
103 silly currentTree │ ├── isarray@2.0.1
103 silly currentTree │ └── ms@2.1.3
103 silly currentTree ├─┬ socket.io@2.4.1
103 silly currentTree │ ├── debug@4.1.1
103 silly currentTree │ └── ms@2.1.3
103 silly currentTree ├── source-map-resolve@0.5.3
103 silly currentTree ├── source-map-url@0.4.1
103 silly currentTree ├── source-map@0.5.7
103 silly currentTree ├── split-string@3.1.0
103 silly currentTree ├── stack-trace@0.0.9
103 silly currentTree ├── static-eval@2.1.0
103 silly currentTree ├─┬ static-extend@0.1.2
103 silly currentTree │ └── define-property@0.2.5
103 silly currentTree ├── statuses@2.0.1
103 silly currentTree ├── stream-browserify@2.0.2
103 silly currentTree ├── stream-combiner2@1.1.1
103 silly currentTree ├── stream-http@2.8.3
103 silly currentTree ├── stream-shift@1.0.1
103 silly currentTree ├── stream-splicer@2.0.1
103 silly currentTree ├── string_decoder@0.10.31
103 silly currentTree ├── string.prototype.trim@1.2.6
103 silly currentTree ├── string.prototype.trimend@1.0.5
103 silly currentTree ├── string.prototype.trimstart@1.0.5
103 silly currentTree ├── subarg@1.0.0
103 silly currentTree ├── supports-preserve-symlinks-flag@1.0.0
103 silly currentTree ├── syntax-error@1.4.0
103 silly currentTree ├── tape@4.15.1
103 silly currentTree ├── through@2.3.8
103 silly currentTree ├── through2@2.0.5
103 silly currentTree ├── timers-browserify@1.4.2
103 silly currentTree ├── to-array@0.1.4
103 silly currentTree ├── to-arraybuffer@1.0.1
103 silly currentTree ├── to-object-path@0.3.0
103 silly currentTree ├── to-regex-range@2.1.1
103 silly currentTree ├── to-regex@3.0.2
103 silly currentTree ├── toidentifier@1.0.1
103 silly currentTree ├── tty-browserify@0.0.1
103 silly currentTree ├── type-check@0.3.2
103 silly currentTree ├── type-is@1.6.18
103 silly currentTree ├── typedarray@0.0.6
103 silly currentTree ├── uglify-js@2.8.29
103 silly currentTree ├── uglify-to-browserify@1.0.2
103 silly currentTree ├── umd@3.0.3
103 silly currentTree ├── unbox-primitive@1.0.2
103 silly currentTree ├── undeclared-identifiers@1.1.3
103 silly currentTree ├── union-value@1.0.1
103 silly currentTree ├── unpipe@1.0.0
103 silly currentTree ├─┬ unset-value@1.0.0
103 silly currentTree │ ├─┬ has-value@0.3.1
103 silly currentTree │ │ └── isobject@2.1.0
103 silly currentTree │ └── has-values@0.1.4
103 silly currentTree ├── upath@1.2.0
103 silly currentTree ├── urix@0.1.0
103 silly currentTree ├─┬ url@0.11.0
103 silly currentTree │ └── punycode@1.3.2
103 silly currentTree ├── use@3.1.1
103 silly currentTree ├── util-deprecate@1.0.2
103 silly currentTree ├─┬ util@0.10.4
103 silly currentTree │ └── inherits@2.0.3
103 silly currentTree ├── utils-merge@1.0.1
103 silly currentTree ├── vary@1.1.2
103 silly currentTree ├── vm-browserify@0.0.4
103 silly currentTree ├─┬ watchify@3.11.1
103 silly currentTree │ ├── browser-resolve@2.0.0
103 silly currentTree │ ├── browserify-zlib@0.2.0
103 silly currentTree │ ├── browserify@16.5.2
103 silly currentTree │ ├── buffer@5.2.1
103 silly currentTree │ ├── concat-stream@1.6.2
103 silly currentTree │ ├── detective@5.2.0
103 silly currentTree │ ├── domain-browser@1.2.0
103 silly currentTree │ ├── events@2.1.0
103 silly currentTree │ ├── https-browserify@1.0.0
103 silly currentTree │ ├── module-deps@6.2.3
103 silly currentTree │ ├── os-browserify@0.3.0
103 silly currentTree │ ├── pako@1.0.11
103 silly currentTree │ ├─┬ stream-http@3.2.0
103 silly currentTree │ │ └── readable-stream@3.6.0
103 silly currentTree │ ├── string_decoder@1.3.0
103 silly currentTree │ └── vm-browserify@1.1.2
103 silly currentTree ├── which-boxed-primitive@1.0.2
103 silly currentTree ├── window-size@0.1.0
103 silly currentTree ├── word-wrap@1.2.3
103 silly currentTree ├── wordwrap@0.0.2
103 silly currentTree ├── wrappy@1.0.2
103 silly currentTree ├── ws@7.4.6
103 silly currentTree ├── xmlhttprequest-ssl@1.6.3
103 silly currentTree ├── xtend@4.0.2
103 silly currentTree ├── yargs@3.10.0
103 silly currentTree └── yeast@0.1.2
104 silly idealTree @donmccurdy/aframe-shader-demo-1@0.0.1
104 silly idealTree ├── @choojs/findup@0.2.1
104 silly idealTree ├── accepts@1.3.8
104 silly idealTree ├── acorn-node@1.8.2
104 silly idealTree ├── acorn-walk@7.2.0
104 silly idealTree ├── acorn@7.4.1
104 silly idealTree ├── after@0.8.2
104 silly idealTree ├── align-text@0.1.4
104 silly idealTree ├── anymatch@2.0.0
104 silly idealTree ├── arr-diff@4.0.0
104 silly idealTree ├── arr-flatten@1.1.0
104 silly idealTree ├── arr-union@3.1.0
104 silly idealTree ├── array-flatten@1.1.1
104 silly idealTree ├── array-unique@0.3.2
104 silly idealTree ├── arraybuffer.slice@0.0.7
104 silly idealTree ├── asap@2.0.6
104 silly idealTree ├─┬ asn1.js@5.4.1
104 silly idealTree │ └── bn.js@4.12.0
104 silly idealTree ├─┬ assert@1.5.0
104 silly idealTree │ ├── inherits@2.0.1
104 silly idealTree │ └── util@0.10.3
104 silly idealTree ├── assign-symbols@1.0.0
104 silly idealTree ├── async-each@1.0.3
104 silly idealTree ├── atob@2.1.2
104 silly idealTree ├── backo2@1.0.2
104 silly idealTree ├── balanced-match@1.0.2
104 silly idealTree ├─┬ base@0.11.2
104 silly idealTree │ ├── define-property@1.0.0
104 silly idealTree │ ├── is-accessor-descriptor@1.0.0
104 silly idealTree │ ├── is-data-descriptor@1.0.0
104 silly idealTree │ ├── is-descriptor@1.0.2
104 silly idealTree │ └── kind-of@6.0.3
104 silly idealTree ├── base64-arraybuffer@0.1.4
104 silly idealTree ├── base64-js@1.5.1
104 silly idealTree ├── base64id@2.0.0
104 silly idealTree ├── binary-extensions@1.13.1
104 silly idealTree ├── bindings@1.5.0
104 silly idealTree ├── bl@1.2.3
104 silly idealTree ├── blob@0.0.5
104 silly idealTree ├── bn.js@5.2.0
104 silly idealTree ├── body-parser@1.20.0
104 silly idealTree ├── brace-expansion@1.1.11
104 silly idealTree ├─┬ braces@2.3.2
104 silly idealTree │ └── extend-shallow@2.0.1
104 silly idealTree ├── brorand@1.1.0
104 silly idealTree ├── browser-pack@6.1.0
104 silly idealTree ├─┬ browser-resolve@1.11.3
104 silly idealTree │ └── resolve@1.1.7
104 silly idealTree ├── browserify-aes@1.2.0
104 silly idealTree ├── browserify-cipher@1.0.1
104 silly idealTree ├── browserify-des@1.0.2
104 silly idealTree ├── browserify-middleware@7.1.0
104 silly idealTree ├── browserify-rsa@4.1.0
104 silly idealTree ├─┬ browserify-sign@4.2.1
104 silly idealTree │ ├── readable-stream@3.6.0
104 silly idealTree │ └── string_decoder@1.3.0
104 silly idealTree ├── browserify-zlib@0.1.4
104 silly idealTree ├── browserify@13.3.0
104 silly idealTree ├── buffer-from@1.1.2
104 silly idealTree ├── buffer-xor@1.0.3
104 silly idealTree ├── buffer@4.9.2
104 silly idealTree ├── bufferutil@4.0.6
104 silly idealTree ├── builtin-status-codes@3.0.0
104 silly idealTree ├── bytes@3.1.2
104 silly idealTree ├── cache-base@1.0.1
104 silly idealTree ├── cached-path-relative@1.1.0
104 silly idealTree ├── call-bind@1.0.2
104 silly idealTree ├── camelcase@1.2.1
104 silly idealTree ├── center-align@0.1.3
104 silly idealTree ├─┬ chokidar@2.1.8
104 silly idealTree │ └── normalize-path@3.0.0
104 silly idealTree ├── cipher-base@1.0.4
104 silly idealTree ├─┬ class-utils@0.3.6
104 silly idealTree │ └── define-property@0.2.5
104 silly idealTree ├── cliui@2.1.0
104 silly idealTree ├── collection-visit@1.0.0
104 silly idealTree ├── combine-source-map@0.8.0
104 silly idealTree ├── commander@2.20.3
104 silly idealTree ├── component-bind@1.0.0
104 silly idealTree ├── component-emitter@1.3.0
104 silly idealTree ├── component-inherit@0.0.3
104 silly idealTree ├── concat-map@0.0.1
104 silly idealTree ├─┬ concat-stream@1.5.2
104 silly idealTree │ ├── process-nextick-args@1.0.7
104 silly idealTree │ └── readable-stream@2.0.6
104 silly idealTree ├── console-browserify@1.2.0
104 silly idealTree ├── constants-browserify@1.0.0
104 silly idealTree ├── content-disposition@0.5.4
104 silly idealTree ├── content-type@1.0.4
104 silly idealTree ├── convert-source-map@1.1.3
104 silly idealTree ├── cookie-signature@1.0.6
104 silly idealTree ├── cookie@0.5.0
104 silly idealTree ├── copy-descriptor@0.1.1
104 silly idealTree ├── core-util-is@1.0.3
104 silly idealTree ├─┬ create-ecdh@4.0.4
104 silly idealTree │ └── bn.js@4.12.0
104 silly idealTree ├── create-hash@1.2.0
104 silly idealTree ├── create-hmac@1.1.7
104 silly idealTree ├── crypto-browserify@3.12.0
104 silly idealTree ├── dash-ast@1.0.0
104 silly idealTree ├─┬ debug@2.6.9
104 silly idealTree │ └── ms@2.0.0
104 silly idealTree ├── decamelize@1.2.0
104 silly idealTree ├── decode-uri-component@0.2.0
104 silly idealTree ├── deep-equal@1.1.1
104 silly idealTree ├── deep-is@0.1.4
104 silly idealTree ├── define-properties@1.1.4
104 silly idealTree ├─┬ define-property@2.0.2
104 silly idealTree │ ├── is-accessor-descriptor@1.0.0
104 silly idealTree │ ├── is-data-descriptor@1.0.0
104 silly idealTree │ ├── is-descriptor@1.0.2
104 silly idealTree │ └── kind-of@6.0.3
104 silly idealTree ├── defined@1.0.0
104 silly idealTree ├── depd@2.0.0
104 silly idealTree ├── deps-sort@2.0.1
104 silly idealTree ├── des.js@1.0.1
104 silly idealTree ├── destroy@1.2.0
104 silly idealTree ├─┬ detective@4.7.1
104 silly idealTree │ └── acorn@5.7.4
104 silly idealTree ├─┬ diffie-hellman@5.0.3
104 silly idealTree │ └── bn.js@4.12.0
104 silly idealTree ├── domain-browser@1.1.7
104 silly idealTree ├── dotignore@0.1.2
104 silly idealTree ├── duplexer2@0.1.4
104 silly idealTree ├── duplexify@3.7.1
104 silly idealTree ├── ee-first@1.1.1
104 silly idealTree ├─┬ elliptic@6.5.4
104 silly idealTree │ └── bn.js@4.12.0
104 silly idealTree ├── encodeurl@1.0.2
104 silly idealTree ├── end-of-stream@1.4.4
104 silly idealTree ├─┬ engine.io-client@3.5.2
104 silly idealTree │ ├── debug@3.1.0
104 silly idealTree │ └── ms@2.0.0
104 silly idealTree ├── engine.io-parser@2.2.1
104 silly idealTree ├─┬ engine.io@3.5.0
104 silly idealTree │ ├── cookie@0.4.2
104 silly idealTree │ ├── debug@4.1.1
104 silly idealTree │ └── ms@2.1.3
104 silly idealTree ├── es-abstract@1.20.0
104 silly idealTree ├── es-to-primitive@1.2.1
104 silly idealTree ├── escape-html@1.0.3
104 silly idealTree ├─┬ escodegen@1.14.3
104 silly idealTree │ └── source-map@0.6.1
104 silly idealTree ├── esprima@4.0.1
104 silly idealTree ├── estraverse@4.3.0
104 silly idealTree ├── esutils@2.0.3
104 silly idealTree ├── etag@1.8.1
104 silly idealTree ├── events@1.1.1
104 silly idealTree ├── evp_bytestokey@1.0.3
104 silly idealTree ├─┬ expand-brackets@2.1.4
104 silly idealTree │ ├── define-property@0.2.5
104 silly idealTree │ └── extend-shallow@2.0.1
104 silly idealTree ├── express@4.18.1
104 silly idealTree ├─┬ extend-shallow@3.0.2
104 silly idealTree │ └── is-extendable@1.0.1
104 silly idealTree ├─┬ extglob@2.0.4
104 silly idealTree │ ├── define-property@1.0.0
104 silly idealTree │ ├── extend-shallow@2.0.1
104 silly idealTree │ ├── is-accessor-descriptor@1.0.0
104 silly idealTree │ ├── is-data-descriptor@1.0.0
104 silly idealTree │ ├── is-descriptor@1.0.2
104 silly idealTree │ └── kind-of@6.0.3
104 silly idealTree ├─┬ falafel@2.2.4
104 silly idealTree │ └── isarray@2.0.5
104 silly idealTree ├── fast-levenshtein@2.0.6
104 silly idealTree ├── fast-safe-stringify@2.1.1
104 silly idealTree ├── file-uri-to-path@1.0.0
104 silly idealTree ├─┬ fill-range@4.0.0
104 silly idealTree │ └── extend-shallow@2.0.1
104 silly idealTree ├── finalhandler@1.2.0
104 silly idealTree ├── for-each@0.3.3
104 silly idealTree ├── for-in@1.0.2
104 silly idealTree ├── foreach@2.0.5
104 silly idealTree ├── forwarded@0.2.0
104 silly idealTree ├── fragment-cache@0.2.1
104 silly idealTree ├── fresh@0.5.2
104 silly idealTree ├── from2@2.3.0
104 silly idealTree ├── fs.realpath@1.0.0
104 silly idealTree ├── fsevents@1.2.13
104 silly idealTree ├── function-bind@1.1.1
104 silly idealTree ├── function.prototype.name@1.1.5
104 silly idealTree ├── functions-have-names@1.2.3
104 silly idealTree ├── get-assigned-identifiers@1.2.0
104 silly idealTree ├── get-intrinsic@1.1.1
104 silly idealTree ├── get-symbol-description@1.0.0
104 silly idealTree ├── get-value@2.0.6
104 silly idealTree ├─┬ glob-parent@3.1.0
104 silly idealTree │ └── is-glob@3.1.0
104 silly idealTree ├── glob@7.2.0
104 silly idealTree ├── glsl-inject-defines@1.0.3
104 silly idealTree ├── glsl-noise@0.0.0
104 silly idealTree ├─┬ glsl-resolve@0.0.1
104 silly idealTree │ ├── resolve@0.6.3
104 silly idealTree │ └── xtend@2.2.0
104 silly idealTree ├── glsl-token-assignments@2.0.2
104 silly idealTree ├── glsl-token-defines@1.0.0
104 silly idealTree ├── glsl-token-depth@1.1.2
104 silly idealTree ├── glsl-token-descope@1.0.2
104 silly idealTree ├── glsl-token-inject-block@1.1.0
104 silly idealTree ├── glsl-token-properties@1.0.1
104 silly idealTree ├── glsl-token-scope@1.1.2
104 silly idealTree ├── glsl-token-string@1.0.1
104 silly idealTree ├── glsl-token-whitespace-trim@1.0.0
104 silly idealTree ├─┬ glsl-tokenizer@2.1.5
104 silly idealTree │ ├── isarray@0.0.1
104 silly idealTree │ ├── readable-stream@1.0.34
104 silly idealTree │ └── through2@0.6.5
104 silly idealTree ├── glslify-bundle@5.1.1
104 silly idealTree ├─┬ glslify-deps@1.3.2
104 silly idealTree │ └── events@3.3.0
104 silly idealTree ├── glslify@6.4.1
104 silly idealTree ├── graceful-fs@4.2.10
104 silly idealTree ├── has-bigints@1.0.2
104 silly idealTree ├─┬ has-binary2@1.0.3
104 silly idealTree │ └── isarray@2.0.1
104 silly idealTree ├── has-cors@1.1.0
104 silly idealTree ├── has-property-descriptors@1.0.0
104 silly idealTree ├── has-symbols@1.0.3
104 silly idealTree ├── has-tostringtag@1.0.0
104 silly idealTree ├── has-value@1.0.0
104 silly idealTree ├─┬ has-values@1.0.0
104 silly idealTree │ └── kind-of@4.0.0
104 silly idealTree ├── has@1.0.3
104 silly idealTree ├─┬ hash-base@3.1.0
104 silly idealTree │ ├── readable-stream@3.6.0
104 silly idealTree │ └── string_decoder@1.3.0
104 silly idealTree ├── hash.js@1.1.7
104 silly idealTree ├── hmac-drbg@1.0.1
104 silly idealTree ├── htmlescape@1.1.1
104 silly idealTree ├── http-errors@2.0.0
104 silly idealTree ├── https-browserify@0.0.1
104 silly idealTree ├── iconv-lite@0.4.24
104 silly idealTree ├── ieee754@1.2.1
104 silly idealTree ├── immediate@3.0.6
104 silly idealTree ├── indexof@0.0.1
104 silly idealTree ├── inflight@1.0.6
104 silly idealTree ├── inherits@2.0.4
104 silly idealTree ├── inline-source-map@0.6.2
104 silly idealTree ├─┬ insert-module-globals@7.2.1
104 silly idealTree │ └── concat-stream@1.6.2
104 silly idealTree ├── internal-slot@1.0.3
104 silly idealTree ├── ipaddr.js@1.9.1
104 silly idealTree ├── is-accessor-descriptor@0.1.6
104 silly idealTree ├── is-arguments@1.1.1
104 silly idealTree ├── is-bigint@1.0.4
104 silly idealTree ├── is-binary-path@1.0.1
104 silly idealTree ├── is-boolean-object@1.1.2
104 silly idealTree ├── is-buffer@1.1.6
104 silly idealTree ├── is-callable@1.2.4
104 silly idealTree ├── is-core-module@2.9.0
104 silly idealTree ├── is-data-descriptor@0.1.4
104 silly idealTree ├── is-date-object@1.0.5
104 silly idealTree ├─┬ is-descriptor@0.1.6
104 silly idealTree │ └── kind-of@5.1.0
104 silly idealTree ├── is-extendable@0.1.1
104 silly idealTree ├── is-extglob@2.1.1
104 silly idealTree ├── is-glob@4.0.3
104 silly idealTree ├── is-negative-zero@2.0.2
104 silly idealTree ├── is-number-object@1.0.7
104 silly idealTree ├── is-number@3.0.0
104 silly idealTree ├── is-plain-object@2.0.4
104 silly idealTree ├── is-regex@1.1.4
104 silly idealTree ├── is-shared-array-buffer@1.0.2
104 silly idealTree ├── is-string@1.0.7
104 silly idealTree ├── is-symbol@1.0.4
104 silly idealTree ├── is-weakref@1.0.2
104 silly idealTree ├── is-windows@1.0.2
104 silly idealTree ├── isarray@1.0.0
104 silly idealTree ├── isobject@3.0.1
104 silly idealTree ├── json-stable-stringify@0.0.1
104 silly idealTree ├── jsonify@0.0.0
104 silly idealTree ├── jsonparse@1.3.1
104 silly idealTree ├── JSONStream@1.3.5
104 silly idealTree ├── kind-of@3.2.2
104 silly idealTree ├── labeled-stream-splicer@2.0.2
104 silly idealTree ├── lazy-cache@1.0.4
104 silly idealTree ├── levn@0.3.0
104 silly idealTree ├── lie@3.3.0
104 silly idealTree ├── lodash.memoize@3.0.4
104 silly idealTree ├── longest@1.0.1
104 silly idealTree ├── map-cache@0.2.2
104 silly idealTree ├─┬ map-limit@0.0.1
104 silly idealTree │ └── once@1.3.3
104 silly idealTree ├── map-visit@1.0.0
104 silly idealTree ├── md5.js@1.3.5
104 silly idealTree ├── media-typer@0.3.0
104 silly idealTree ├── merge-descriptors@1.0.1
104 silly idealTree ├── methods@1.1.2
104 silly idealTree ├─┬ micromatch@3.1.10
104 silly idealTree │ └── kind-of@6.0.3
104 silly idealTree ├─┬ miller-rabin@4.0.1
104 silly idealTree │ └── bn.js@4.12.0
104 silly idealTree ├── mime-db@1.52.0
104 silly idealTree ├── mime-types@2.1.35
104 silly idealTree ├── mime@1.6.0
104 silly idealTree ├── minimalistic-assert@1.0.1
104 silly idealTree ├── minimalistic-crypto-utils@1.0.1
104 silly idealTree ├── minimatch@3.1.2
104 silly idealTree ├── minimist@1.2.6
104 silly idealTree ├─┬ mixin-deep@1.3.2
104 silly idealTree │ └── is-extendable@1.0.1
104 silly idealTree ├── mkdirp-classic@0.5.3
104 silly idealTree ├── module-deps@4.1.1
104 silly idealTree ├── ms@0.7.3
104 silly idealTree ├── murmurhash-js@1.0.0
104 silly idealTree ├── nan@2.15.0
104 silly idealTree ├─┬ nanomatch@1.2.13
104 silly idealTree │ └── kind-of@6.0.3
104 silly idealTree ├── negotiator@0.6.3
104 silly idealTree ├── node-gyp-build@4.4.0
104 silly idealTree ├── normalize-path@2.1.1
104 silly idealTree ├── object-assign@4.1.1
104 silly idealTree ├─┬ object-copy@0.1.0
104 silly idealTree │ └── define-property@0.2.5
104 silly idealTree ├── object-inspect@1.12.0
104 silly idealTree ├── object-is@1.1.5
104 silly idealTree ├── object-keys@1.1.1
104 silly idealTree ├── object-visit@1.0.1
104 silly idealTree ├── object.assign@4.1.2
104 silly idealTree ├── object.pick@1.3.0
104 silly idealTree ├── on-finished@2.4.1
104 silly idealTree ├── once@1.4.0
104 silly idealTree ├── optionator@0.8.3
104 silly idealTree ├── os-browserify@0.1.2
104 silly idealTree ├── outpipe@1.1.1
104 silly idealTree ├── pako@0.2.9
104 silly idealTree ├── parents@1.0.1
104 silly idealTree ├── parse-asn1@5.1.6
104 silly idealTree ├── parseqs@0.0.6
104 silly idealTree ├── parseuri@0.0.6
104 silly idealTree ├── parseurl@1.3.3
104 silly idealTree ├── pascalcase@0.1.1
104 silly idealTree ├── path-browserify@0.0.1
104 silly idealTree ├── path-dirname@1.0.2
104 silly idealTree ├── path-is-absolute@1.0.1
104 silly idealTree ├── path-parse@1.0.7
104 silly idealTree ├── path-platform@0.11.15
104 silly idealTree ├── path-to-regexp@0.1.7
104 silly idealTree ├── pbkdf2@3.1.2
104 silly idealTree ├── posix-character-classes@0.1.1
104 silly idealTree ├── prelude-ls@1.1.2
104 silly idealTree ├── prepare-response@1.1.3
104 silly idealTree ├── process-nextick-args@2.0.1
104 silly idealTree ├── process@0.11.10
104 silly idealTree ├── promise@7.3.1
104 silly idealTree ├── proxy-addr@2.0.7
104 silly idealTree ├─┬ public-encrypt@4.0.3
104 silly idealTree │ └── bn.js@4.12.0
104 silly idealTree ├── punycode@1.4.1
104 silly idealTree ├── qs@6.10.3
104 silly idealTree ├── querystring-es3@0.2.1
104 silly idealTree ├── querystring@0.2.0
104 silly idealTree ├── randombytes@2.1.0
104 silly idealTree ├── randomfill@1.0.4
104 silly idealTree ├── range-parser@1.2.1
104 silly idealTree ├── raw-body@2.5.1
104 silly idealTree ├── read-only-stream@2.0.0
104 silly idealTree ├─┬ readable-stream@2.3.7
104 silly idealTree │ ├── safe-buffer@5.1.2
104 silly idealTree │ └── string_decoder@1.1.1
104 silly idealTree ├── readdirp@2.2.1
104 silly idealTree ├── regex-not@1.0.2
104 silly idealTree ├── regexp.prototype.flags@1.4.3
104 silly idealTree ├── remove-trailing-separator@1.1.0
104 silly idealTree ├── repeat-element@1.1.4
104 silly idealTree ├── repeat-string@1.6.1
104 silly idealTree ├── resolve-url@0.2.1
104 silly idealTree ├── resolve@1.22.0
104 silly idealTree ├── resumer@0.0.0
104 silly idealTree ├── ret@0.1.15
104 silly idealTree ├── right-align@0.1.3
104 silly idealTree ├── ripemd160@2.0.2
104 silly idealTree ├── safe-buffer@5.2.1
104 silly idealTree ├── safe-regex@1.1.0
104 silly idealTree ├── safer-buffer@2.1.2
104 silly idealTree ├─┬ send@0.18.0
104 silly idealTree │ └── ms@2.1.3
104 silly idealTree ├─┬ serialport@4.0.7
104 silly idealTree │ ├── bindings@1.2.1
104 silly idealTree │ └─┬ node-pre-gyp@0.6.32
104 silly idealTree │   ├─┬ mkdirp@0.5.1
104 silly idealTree │   │ └── minimist@0.0.8
104 silly idealTree │   ├─┬ nopt@3.0.6
104 silly idealTree │   │ └── abbrev@1.0.9
104 silly idealTree │   ├─┬ npmlog@4.0.1
104 silly idealTree │   │ ├─┬ are-we-there-yet@1.1.2
104 silly idealTree │   │ │ ├── delegates@1.0.0
104 silly idealTree │   │ │ └─┬ readable-stream@2.2.2
104 silly idealTree │   │ │   ├── buffer-shims@1.0.0
104 silly idealTree │   │ │   ├── core-util-is@1.0.2
104 silly idealTree │   │ │   ├── inherits@2.0.3
104 silly idealTree │   │ │   ├── isarray@1.0.0
104 silly idealTree │   │ │   ├── process-nextick-args@1.0.7
104 silly idealTree │   │ │   ├── string_decoder@0.10.31
104 silly idealTree │   │ │   └── util-deprecate@1.0.2
104 silly idealTree │   │ ├── console-control-strings@1.1.0
104 silly idealTree │   │ ├─┬ gauge@2.7.2
104 silly idealTree │   │ │ ├── aproba@1.0.4
104 silly idealTree │   │ │ ├── has-unicode@2.0.1
104 silly idealTree │   │ │ ├── object-assign@4.1.0
104 silly idealTree │   │ │ ├── signal-exit@3.0.2
104 silly idealTree │   │ │ ├─┬ string-width@1.0.2
104 silly idealTree │   │ │ │ ├── code-point-at@1.1.0
104 silly idealTree │   │ │ │ └─┬ is-fullwidth-code-point@1.0.0
104 silly idealTree │   │ │ │   └── number-is-nan@1.0.1
104 silly idealTree │   │ │ ├─┬ strip-ansi@3.0.1
104 silly idealTree │   │ │ │ └── ansi-regex@2.0.0
104 silly idealTree │   │ │ ├── supports-color@0.2.0
104 silly idealTree │   │ │ └── wide-align@1.1.0
104 silly idealTree │   │ └── set-blocking@2.0.0
104 silly idealTree │   ├─┬ rc@1.1.6
104 silly idealTree │   │ ├── deep-extend@0.4.1
104 silly idealTree │   │ ├── ini@1.3.4
104 silly idealTree │   │ ├── minimist@1.2.0
104 silly idealTree │   │ └── strip-json-comments@1.0.4
104 silly idealTree │   ├─┬ request@2.79.0
104 silly idealTree │   │ ├── aws-sign2@0.6.0
104 silly idealTree │   │ ├── aws4@1.5.0
104 silly idealTree │   │ ├── caseless@0.11.0
104 silly idealTree │   │ ├─┬ combined-stream@1.0.5
104 silly idealTree │   │ │ └── delayed-stream@1.0.0
104 silly idealTree │   │ ├── extend@3.0.0
104 silly idealTree │   │ ├── forever-agent@0.6.1
104 silly idealTree │   │ ├─┬ form-data@2.1.2
104 silly idealTree │   │ │ └── asynckit@0.4.0
104 silly idealTree │   │ ├─┬ har-validator@2.0.6
104 silly idealTree │   │ │ ├─┬ chalk@1.1.3
104 silly idealTree │   │ │ │ ├── ansi-styles@2.2.1
104 silly idealTree │   │ │ │ ├── escape-string-regexp@1.0.5
104 silly idealTree │   │ │ │ ├─┬ has-ansi@2.0.0
104 silly idealTree │   │ │ │ │ └── ansi-regex@2.0.0
104 silly idealTree │   │ │ │ ├─┬ strip-ansi@3.0.1
104 silly idealTree │   │ │ │ │ └── ansi-regex@2.0.0
104 silly idealTree │   │ │ │ └── supports-color@2.0.0
104 silly idealTree │   │ │ ├─┬ is-my-json-valid@2.15.0
104 silly idealTree │   │ │ │ ├── generate-function@2.0.0
104 silly idealTree │   │ │ │ ├─┬ generate-object-property@1.2.0
104 silly idealTree │   │ │ │ │ └── is-property@1.0.2
104 silly idealTree │   │ │ │ ├── jsonpointer@4.0.0
104 silly idealTree │   │ │ │ └── xtend@4.0.1
104 silly idealTree │   │ │ └─┬ pinkie-promise@2.0.1
104 silly idealTree │   │ │   └── pinkie@2.0.4
104 silly idealTree │   │ ├─┬ hawk@3.1.3
104 silly idealTree │   │ │ ├── boom@2.10.1
104 silly idealTree │   │ │ ├── cryptiles@2.0.5
104 silly idealTree │   │ │ ├── hoek@2.16.3
104 silly idealTree │   │ │ └── sntp@1.0.9
104 silly idealTree │   │ ├─┬ http-signature@1.1.1
104 silly idealTree │   │ │ ├── assert-plus@0.2.0
104 silly idealTree │   │ │ ├─┬ jsprim@1.3.1
104 silly idealTree │   │ │ │ ├── extsprintf@1.0.2
104 silly idealTree │   │ │ │ ├── json-schema@0.2.3
104 silly idealTree │   │ │ │ └── verror@1.3.6
104 silly idealTree │   │ │ └─┬ sshpk@1.10.1
104 silly idealTree │   │ │   ├── asn1@0.2.3
104 silly idealTree │   │ │   ├── assert-plus@1.0.0
104 silly idealTree │   │ │   ├── bcrypt-pbkdf@1.0.0
104 silly idealTree │   │ │   ├── dashdash@1.14.1
104 silly idealTree │   │ │   ├── ecc-jsbn@0.1.1
104 silly idealTree │   │ │   ├── getpass@0.1.6
104 silly idealTree │   │ │   ├── jodid25519@1.0.2
104 silly idealTree │   │ │   ├── jsbn@0.1.0
104 silly idealTree │   │ │   └── tweetnacl@0.14.4
104 silly idealTree │   │ ├── is-typedarray@1.0.0
104 silly idealTree │   │ ├── isstream@0.1.2
104 silly idealTree │   │ ├── json-stringify-safe@5.0.1
104 silly idealTree │   │ ├─┬ mime-types@2.1.13
104 silly idealTree │   │ │ └── mime-db@1.25.0
104 silly idealTree │   │ ├── oauth-sign@0.8.2
104 silly idealTree │   │ ├── qs@6.3.0
104 silly idealTree │   │ ├── stringstream@0.0.5
104 silly idealTree │   │ ├─┬ tough-cookie@2.3.2
104 silly idealTree │   │ │ └── punycode@1.4.1
104 silly idealTree │   │ ├── tunnel-agent@0.4.3
104 silly idealTree │   │ └── uuid@3.0.1
104 silly idealTree │   ├─┬ rimraf@2.5.4
104 silly idealTree │   │ └─┬ glob@7.1.1
104 silly idealTree │   │   ├── fs.realpath@1.0.0
104 silly idealTree │   │   ├─┬ inflight@1.0.6
104 silly idealTree │   │   │ └── wrappy@1.0.2
104 silly idealTree │   │   ├── inherits@2.0.3
104 silly idealTree │   │   ├─┬ minimatch@3.0.3
104 silly idealTree │   │   │ └─┬ brace-expansion@1.1.6
104 silly idealTree │   │   │   ├── balanced-match@0.4.2
104 silly idealTree │   │   │   └── concat-map@0.0.1
104 silly idealTree │   │   ├─┬ once@1.4.0
104 silly idealTree │   │   │ └── wrappy@1.0.2
104 silly idealTree │   │   └── path-is-absolute@1.0.1
104 silly idealTree │   ├── semver@5.3.0
104 silly idealTree │   ├─┬ tar-pack@3.3.0
104 silly idealTree │   │ ├─┬ debug@2.2.0
104 silly idealTree │   │ │ └── ms@0.7.1
104 silly idealTree │   │ ├─┬ fstream-ignore@1.0.5
104 silly idealTree │   │ │ ├── inherits@2.0.3
104 silly idealTree │   │ │ └─┬ minimatch@3.0.3
104 silly idealTree │   │ │   └─┬ brace-expansion@1.1.6
104 silly idealTree │   │ │     ├── balanced-match@0.4.2
104 silly idealTree │   │ │     └── concat-map@0.0.1
104 silly idealTree │   │ ├─┬ fstream@1.0.10
104 silly idealTree │   │ │ ├── graceful-fs@4.1.11
104 silly idealTree │   │ │ └── inherits@2.0.3
104 silly idealTree │   │ ├─┬ once@1.3.3
104 silly idealTree │   │ │ └── wrappy@1.0.2
104 silly idealTree │   │ ├─┬ readable-stream@2.1.5
104 silly idealTree │   │ │ ├── buffer-shims@1.0.0
104 silly idealTree │   │ │ ├── core-util-is@1.0.2
104 silly idealTree │   │ │ ├── inherits@2.0.3
104 silly idealTree │   │ │ ├── isarray@1.0.0
104 silly idealTree │   │ │ ├── process-nextick-args@1.0.7
104 silly idealTree │   │ │ ├── string_decoder@0.10.31
104 silly idealTree │   │ │ └── util-deprecate@1.0.2
104 silly idealTree │   │ └── uid-number@0.0.6
104 silly idealTree │   └─┬ tar@2.2.1
104 silly idealTree │     ├── block-stream@0.0.9
104 silly idealTree │     ├─┬ fstream@1.0.10
104 silly idealTree │     │ └── graceful-fs@4.1.11
104 silly idealTree │     └── inherits@2.0.3
104 silly idealTree ├── serve-static@1.15.0
104 silly idealTree ├─┬ set-value@2.0.1
104 silly idealTree │ └── extend-shallow@2.0.1
104 silly idealTree ├── setprototypeof@1.2.0
104 silly idealTree ├── sha.js@2.4.11
104 silly idealTree ├── shallow-copy@0.0.1
104 silly idealTree ├── shasum-object@1.0.0
104 silly idealTree ├── shasum@1.0.2
104 silly idealTree ├── shell-quote@1.7.3
104 silly idealTree ├── side-channel@1.0.4
104 silly idealTree ├── simple-concat@1.0.1
104 silly idealTree ├─┬ snapdragon-node@2.1.1
104 silly idealTree │ ├── define-property@1.0.0
104 silly idealTree │ ├── is-accessor-descriptor@1.0.0
104 silly idealTree │ ├── is-data-descriptor@1.0.0
104 silly idealTree │ ├── is-descriptor@1.0.2
104 silly idealTree │ └── kind-of@6.0.3
104 silly idealTree ├── snapdragon-util@3.0.1
104 silly idealTree ├─┬ snapdragon@0.8.2
104 silly idealTree │ ├── define-property@0.2.5
104 silly idealTree │ └── extend-shallow@2.0.1
104 silly idealTree ├── socket.io-adapter@1.1.2
104 silly idealTree ├─┬ socket.io-client@2.4.0
104 silly idealTree │ ├── debug@3.1.0
104 silly idealTree │ ├── isarray@2.0.1
104 silly idealTree │ ├── ms@2.0.0
104 silly idealTree │ └── socket.io-parser@3.3.2
104 silly idealTree ├─┬ socket.io-parser@3.4.1
104 silly idealTree │ ├── component-emitter@1.2.1
104 silly idealTree │ ├── debug@4.1.1
104 silly idealTree │ ├── isarray@2.0.1
104 silly idealTree │ └── ms@2.1.3
104 silly idealTree ├─┬ socket.io@2.4.1
104 silly idealTree │ ├── debug@4.1.1
104 silly idealTree │ └── ms@2.1.3
104 silly idealTree ├── source-map-resolve@0.5.3
104 silly idealTree ├── source-map-url@0.4.1
104 silly idealTree ├── source-map@0.5.7
104 silly idealTree ├── split-string@3.1.0
104 silly idealTree ├── stack-trace@0.0.9
104 silly idealTree ├── static-eval@2.1.0
104 silly idealTree ├─┬ static-extend@0.1.2
104 silly idealTree │ └── define-property@0.2.5
104 silly idealTree ├── statuses@2.0.1
104 silly idealTree ├── stream-browserify@2.0.2
104 silly idealTree ├── stream-combiner2@1.1.1
104 silly idealTree ├── stream-http@2.8.3
104 silly idealTree ├── stream-shift@1.0.1
104 silly idealTree ├── stream-splicer@2.0.1
104 silly idealTree ├── string_decoder@0.10.31
104 silly idealTree ├── string.prototype.trim@1.2.6
104 silly idealTree ├── string.prototype.trimend@1.0.5
104 silly idealTree ├── string.prototype.trimstart@1.0.5
104 silly idealTree ├── subarg@1.0.0
104 silly idealTree ├── supports-preserve-symlinks-flag@1.0.0
104 silly idealTree ├── syntax-error@1.4.0
104 silly idealTree ├── tape@4.15.1
104 silly idealTree ├── through@2.3.8
104 silly idealTree ├── through2@2.0.5
104 silly idealTree ├── timers-browserify@1.4.2
104 silly idealTree ├── to-array@0.1.4
104 silly idealTree ├── to-arraybuffer@1.0.1
104 silly idealTree ├── to-object-path@0.3.0
104 silly idealTree ├── to-regex-range@2.1.1
104 silly idealTree ├── to-regex@3.0.2
104 silly idealTree ├── toidentifier@1.0.1
104 silly idealTree ├── tty-browserify@0.0.1
104 silly idealTree ├── type-check@0.3.2
104 silly idealTree ├── type-is@1.6.18
104 silly idealTree ├── typedarray@0.0.6
104 silly idealTree ├── uglify-js@2.8.29
104 silly idealTree ├── uglify-to-browserify@1.0.2
104 silly idealTree ├── umd@3.0.3
104 silly idealTree ├── unbox-primitive@1.0.2
104 silly idealTree ├── undeclared-identifiers@1.1.3
104 silly idealTree ├── union-value@1.0.1
104 silly idealTree ├── unpipe@1.0.0
104 silly idealTree ├─┬ unset-value@1.0.0
104 silly idealTree │ ├─┬ has-value@0.3.1
104 silly idealTree │ │ └── isobject@2.1.0
104 silly idealTree │ └── has-values@0.1.4
104 silly idealTree ├── upath@1.2.0
104 silly idealTree ├── urix@0.1.0
104 silly idealTree ├─┬ url@0.11.0
104 silly idealTree │ └── punycode@1.3.2
104 silly idealTree ├── use@3.1.1
104 silly idealTree ├── util-deprecate@1.0.2
104 silly idealTree ├─┬ util@0.10.4
104 silly idealTree │ └── inherits@2.0.3
104 silly idealTree ├── utils-merge@1.0.1
104 silly idealTree ├── vary@1.1.2
104 silly idealTree ├── vm-browserify@0.0.4
104 silly idealTree ├─┬ watchify@3.11.1
104 silly idealTree │ ├── browser-resolve@2.0.0
104 silly idealTree │ ├── browserify-zlib@0.2.0
104 silly idealTree │ ├── browserify@16.5.2
104 silly idealTree │ ├── buffer@5.2.1
104 silly idealTree │ ├── concat-stream@1.6.2
104 silly idealTree │ ├── detective@5.2.0
104 silly idealTree │ ├── domain-browser@1.2.0
104 silly idealTree │ ├── events@2.1.0
104 silly idealTree │ ├── https-browserify@1.0.0
104 silly idealTree │ ├── module-deps@6.2.3
104 silly idealTree │ ├── os-browserify@0.3.0
104 silly idealTree │ ├── pako@1.0.11
104 silly idealTree │ ├─┬ stream-http@3.2.0
104 silly idealTree │ │ └── readable-stream@3.6.0
104 silly idealTree │ ├── string_decoder@1.3.0
104 silly idealTree │ └── vm-browserify@1.1.2
104 silly idealTree ├── which-boxed-primitive@1.0.2
104 silly idealTree ├── window-size@0.1.0
104 silly idealTree ├── word-wrap@1.2.3
104 silly idealTree ├── wordwrap@0.0.2
104 silly idealTree ├── wrappy@1.0.2
104 silly idealTree ├── ws@7.4.6
104 silly idealTree ├── xmlhttprequest-ssl@1.6.3
104 silly idealTree ├── xtend@4.0.2
104 silly idealTree ├── yargs@3.10.0
104 silly idealTree └── yeast@0.1.2
105 silly generateActionsToTake Starting
106 silly install generateActionsToTake
107 silly generateActionsToTake Finishing
108 silly diffTrees action count 2
109 silly diffTrees add node-gyp-build@4.4.0
110 silly diffTrees add bufferutil@4.0.6
111 silly decomposeActions action count 16
112 silly decomposeActions fetch node-gyp-build@4.4.0
113 silly decomposeActions extract node-gyp-build@4.4.0
114 silly decomposeActions test node-gyp-build@4.4.0
115 silly decomposeActions preinstall node-gyp-build@4.4.0
116 silly decomposeActions build node-gyp-build@4.4.0
117 silly decomposeActions install node-gyp-build@4.4.0
118 silly decomposeActions postinstall node-gyp-build@4.4.0
119 silly decomposeActions finalize node-gyp-build@4.4.0
120 silly decomposeActions fetch bufferutil@4.0.6
121 silly decomposeActions extract bufferutil@4.0.6
122 silly decomposeActions test bufferutil@4.0.6
123 silly decomposeActions preinstall bufferutil@4.0.6
124 silly decomposeActions build bufferutil@4.0.6
125 silly decomposeActions install bufferutil@4.0.6
126 silly decomposeActions postinstall bufferutil@4.0.6
127 silly decomposeActions finalize bufferutil@4.0.6
128 silly runTopLevelLifecycles Starting
129 silly executeActions Starting
130 silly install executeActions
131 silly doSerial global-install 0
132 silly doParallel fetch 2
133 verbose correctMkdir /Users/alexabonomo/.npm/_locks correctMkdir not in flight; initializing
134 verbose lock using /Users/alexabonomo/.npm/_locks/staging-98735d73a8ed82ac.lock for /Users/alexabonomo/auroraprint/node_modules/.staging
135 silly doParallel extract 2
136 silly extract node-gyp-build@4.4.0
137 silly extract bufferutil@4.0.6
138 verbose unbuild node_modules/.staging/bufferutil-450d4c69
139 verbose unbuild node_modules/.staging/node-gyp-build-5b435fc3
140 silly gentlyRm /Users/alexabonomo/auroraprint/node_modules/.staging/bufferutil-450d4c69 is being purged from base /Users/alexabonomo/auroraprint
141 verbose gentlyRm don't care about contents; nuking /Users/alexabonomo/auroraprint/node_modules/.staging/bufferutil-450d4c69
142 silly gentlyRm /Users/alexabonomo/auroraprint/node_modules/.staging/node-gyp-build-5b435fc3 is being purged from base /Users/alexabonomo/auroraprint
143 verbose gentlyRm don't care about contents; nuking /Users/alexabonomo/auroraprint/node_modules/.staging/node-gyp-build-5b435fc3
144 verbose tar unpack /Users/alexabonomo/.npm/bufferutil/4.0.6/package.tgz
145 verbose tar unpacking to /Users/alexabonomo/auroraprint/node_modules/.staging/bufferutil-450d4c69
146 silly gentlyRm /Users/alexabonomo/auroraprint/node_modules/.staging/bufferutil-450d4c69 is being purged
147 verbose gentlyRm don't care about contents; nuking /Users/alexabonomo/auroraprint/node_modules/.staging/bufferutil-450d4c69
148 verbose tar unpack /Users/alexabonomo/.npm/node-gyp-build/4.4.0/package.tgz
149 verbose tar unpacking to /Users/alexabonomo/auroraprint/node_modules/.staging/node-gyp-build-5b435fc3
150 silly gentlyRm /Users/alexabonomo/auroraprint/node_modules/.staging/node-gyp-build-5b435fc3 is being purged
151 verbose gentlyRm don't care about contents; nuking /Users/alexabonomo/auroraprint/node_modules/.staging/node-gyp-build-5b435fc3
152 silly gunzTarPerm modes [ '755', '644' ]
153 silly gunzTarPerm modes [ '755', '644' ]
154 silly gunzTarPerm extractEntry LICENSE
155 silly gunzTarPerm extractEntry LICENSE
156 silly gunzTarPerm extractEntry src/bufferutil.c
157 silly gunzTarPerm extractEntry binding.gyp
158 silly gunzTarPerm extractEntry bin.js
159 silly gunzTarPerm extractEntry build-test.js
160 silly gunzTarPerm extractEntry index.js
161 silly gunzTarPerm extractEntry optional.js
162 silly gunzTarPerm extractEntry fallback.js
163 silly gunzTarPerm extractEntry index.js
164 silly gunzTarPerm extractEntry package.json
165 silly gunzTarPerm extractEntry README.md
166 silly gunzTarPerm extractEntry package.json
167 silly gunzTarPerm extractEntry README.md
168 silly gunzTarPerm extractEntry prebuilds/darwin-x64+arm64/node.napi.node
169 silly gunzTarPerm extractEntry prebuilds/linux-x64/node.napi.node
170 silly gunzTarPerm extractEntry prebuilds/win32-ia32/node.napi.node
171 silly gunzTarPerm extractEntry prebuilds/win32-x64/node.napi.node
172 silly gentlyRm /Users/alexabonomo/auroraprint/node_modules/.staging/node-gyp-build-5b435fc3/node_modules is being purged
173 verbose gentlyRm don't care about contents; nuking /Users/alexabonomo/auroraprint/node_modules/.staging/node-gyp-build-5b435fc3/node_modules
174 silly gentlyRm /Users/alexabonomo/auroraprint/node_modules/.staging/bufferutil-450d4c69/node_modules is being purged
175 verbose gentlyRm don't care about contents; nuking /Users/alexabonomo/auroraprint/node_modules/.staging/bufferutil-450d4c69/node_modules
176 silly doParallel preinstall 2
177 silly preinstall node-gyp-build@4.4.0 /Users/alexabonomo/auroraprint/node_modules/.staging/node-gyp-build-5b435fc3
178 info lifecycle node-gyp-build@4.4.0~preinstall: node-gyp-build@4.4.0
179 silly preinstall bufferutil@4.0.6 /Users/alexabonomo/auroraprint/node_modules/.staging/bufferutil-450d4c69
180 info lifecycle bufferutil@4.0.6~preinstall: bufferutil@4.0.6
181 silly lifecycle node-gyp-build@4.4.0~preinstall: no script for preinstall, continuing
182 silly lifecycle bufferutil@4.0.6~preinstall: no script for preinstall, continuing
183 silly doReverseSerial remove 0
184 silly doSerial move 0
185 silly doSerial finalize 2
186 silly finalize /Users/alexabonomo/auroraprint/node_modules/node-gyp-build
187 silly finalize /Users/alexabonomo/auroraprint/node_modules/bufferutil
188 silly doSerial build 2
189 silly build node-gyp-build@4.4.0
190 info linkStuff node-gyp-build@4.4.0
191 silly linkStuff node-gyp-build@4.4.0 has /Users/alexabonomo/auroraprint/node_modules as its parent node_modules
192 verbose linkBins node-gyp-build@4.4.0
193 verbose link bins [ { 'node-gyp-build': 'bin.js',
193 verbose link bins     'node-gyp-build-optional': 'optional.js',
193 verbose link bins     'node-gyp-build-test': 'build-test.js' },
193 verbose link bins   '/Users/alexabonomo/auroraprint/node_modules/.bin',
193 verbose link bins   false ]
194 verbose linkMans node-gyp-build@4.4.0
195 silly build bufferutil@4.0.6
196 info linkStuff bufferutil@4.0.6
197 silly linkStuff bufferutil@4.0.6 has /Users/alexabonomo/auroraprint/node_modules as its parent node_modules
198 verbose linkBins bufferutil@4.0.6
199 verbose linkMans bufferutil@4.0.6
200 silly doSerial global-link 0
201 silly doParallel update-linked 0
202 silly doSerial install 2
203 silly install node-gyp-build@4.4.0 /Users/alexabonomo/auroraprint/node_modules/.staging/node-gyp-build-5b435fc3
204 info lifecycle node-gyp-build@4.4.0~install: node-gyp-build@4.4.0
205 silly lifecycle node-gyp-build@4.4.0~install: no script for install, continuing
206 silly install bufferutil@4.0.6 /Users/alexabonomo/auroraprint/node_modules/.staging/bufferutil-450d4c69
207 info lifecycle bufferutil@4.0.6~install: bufferutil@4.0.6
208 verbose lifecycle bufferutil@4.0.6~install: unsafe-perm in lifecycle true
209 verbose lifecycle bufferutil@4.0.6~install: PATH: /Users/alexabonomo/.nvm/versions/node/v6.10.2/lib/node_modules/npm/bin/node-gyp-bin:/Users/alexabonomo/auroraprint/node_modules/bufferutil/node_modules/.bin:/Users/alexabonomo/auroraprint/node_modules/.bin:/Users/alexabonomo/opt/anaconda3/condabin:/Users/alexabonomo/.nvm/versions/node/v6.10.2/bin:/usr/local/bin:/usr/bin:/bin:/usr/sbin:/sbin:/Library/Apple/usr/bin
210 verbose lifecycle bufferutil@4.0.6~install: CWD: /Users/alexabonomo/auroraprint/node_modules/bufferutil
211 silly lifecycle bufferutil@4.0.6~install: Args: [ '-c', 'node-gyp-build' ]
212 silly lifecycle bufferutil@4.0.6~install: Returned: code: 1  signal: null
213 info lifecycle bufferutil@4.0.6~install: Failed to exec install script
214 verbose unlock done using /Users/alexabonomo/.npm/_locks/staging-98735d73a8ed82ac.lock for /Users/alexabonomo/auroraprint/node_modules/.staging
215 silly rollbackFailedOptional Starting
216 silly rollbackFailedOptional Finishing
217 silly runTopLevelLifecycles Finishing
218 silly install printInstalled
219 warn ws@7.4.6 requires a peer of utf-8-validate@^5.0.2 but none was installed.
220 verbose If you need help, you may report this error at:
220 verbose     <https://github.com/npm/npm/issues>
221 verbose stack Error: bufferutil@4.0.6 install: `node-gyp-build`
221 verbose stack Exit status 1
221 verbose stack     at EventEmitter.<anonymous> (/Users/alexabonomo/.nvm/versions/node/v6.10.2/lib/node_modules/npm/lib/utils/lifecycle.js:255:16)
221 verbose stack     at emitTwo (events.js:106:13)
221 verbose stack     at EventEmitter.emit (events.js:191:7)
221 verbose stack     at ChildProcess.<anonymous> (/Users/alexabonomo/.nvm/versions/node/v6.10.2/lib/node_modules/npm/lib/utils/spawn.js:40:14)
221 verbose stack     at emitTwo (events.js:106:13)
221 verbose stack     at ChildProcess.emit (events.js:191:7)
221 verbose stack     at maybeClose (internal/child_process.js:886:16)
221 verbose stack     at Process.ChildProcess._handle.onexit (internal/child_process.js:226:5)
222 verbose pkgid bufferutil@4.0.6
223 verbose cwd /Users/alexabonomo/auroraprint
224 error Darwin 21.4.0
225 error argv "/Users/alexabonomo/.nvm/versions/node/v6.10.2/bin/node" "/Users/alexabonomo/.nvm/versions/node/v6.10.2/bin/npm" "install" "bufferutil@^4.0.1"
226 error node v6.10.2
227 error npm  v3.10.10
228 error code ELIFECYCLE
229 error bufferutil@4.0.6 install: `node-gyp-build`
229 error Exit status 1
230 error Failed at the bufferutil@4.0.6 install script 'node-gyp-build'.
230 error Make sure you have the latest version of node.js and npm installed.
230 error If you do, this is most likely a problem with the bufferutil package,
230 error not with npm itself.
230 error Tell the author that this fails on your system:
230 error     node-gyp-build
230 error You can get information on how to open an issue for this project with:
230 error     npm bugs bufferutil
230 error Or if that isn't available, you can get their info via:
230 error     npm owner ls bufferutil
230 error There is likely additional logging output above.
231 verbose exit [ 1, true ]
